[0.408s] Invoking command in '/home/tanaka/robosys2022/ros2_ws/src/mypkg': PYTHONPATH=/home/tanaka/robosys2022/ros2_ws/install/mypkg/lib/python3.6/site-packages:${PYTHONPATH} /usr/bin/python3 setup.py egg_info --egg-base ../../build/mypkg build --build-base /home/tanaka/robosys2022/ros2_ws/build/mypkg/build install --prefix /home/tanaka/robosys2022/ros2_ws/install/mypkg --record /home/tanaka/robosys2022/ros2_ws/build/mypkg/install.log --single-version-externally-managed
[0.521s] running egg_info
[0.521s] creating ../../build/mypkg/mypkg.egg-info
[0.522s] writing ../../build/mypkg/mypkg.egg-info/PKG-INFO
[0.522s] writing dependency_links to ../../build/mypkg/mypkg.egg-info/dependency_links.txt
[0.522s] writing entry points to ../../build/mypkg/mypkg.egg-info/entry_points.txt
[0.522s] writing requirements to ../../build/mypkg/mypkg.egg-info/requires.txt
[0.522s] writing top-level names to ../../build/mypkg/mypkg.egg-info/top_level.txt
[0.522s] writing manifest file '../../build/mypkg/mypkg.egg-info/SOURCES.txt'
[0.541s] reading manifest file '../../build/mypkg/mypkg.egg-info/SOURCES.txt'
[0.542s] writing manifest file '../../build/mypkg/mypkg.egg-info/SOURCES.txt'
[0.542s] running build
[0.542s] running build_py
[0.542s] creating /home/tanaka/robosys2022/ros2_ws/build/mypkg/build
[0.543s] creating /home/tanaka/robosys2022/ros2_ws/build/mypkg/build/lib
[0.543s] creating /home/tanaka/robosys2022/ros2_ws/build/mypkg/build/lib/mypkg
[0.543s] copying mypkg/__init__.py -> /home/tanaka/robosys2022/ros2_ws/build/mypkg/build/lib/mypkg
[0.543s] running install
[0.543s] running install_lib
[0.543s] creating /home/tanaka/robosys2022/ros2_ws/install/mypkg/lib/python3.6/site-packages/mypkg
[0.543s] copying /home/tanaka/robosys2022/ros2_ws/build/mypkg/build/lib/mypkg/__init__.py -> /home/tanaka/robosys2022/ros2_ws/install/mypkg/lib/python3.6/site-packages/mypkg
[0.544s] byte-compiling /home/tanaka/robosys2022/ros2_ws/install/mypkg/lib/python3.6/site-packages/mypkg/__init__.py to __init__.cpython-36.pyc
[0.544s] running install_data
[0.544s] creating /home/tanaka/robosys2022/ros2_ws/install/mypkg/share/ament_index
[0.544s] creating /home/tanaka/robosys2022/ros2_ws/install/mypkg/share/ament_index/resource_index
[0.544s] creating /home/tanaka/robosys2022/ros2_ws/install/mypkg/share/ament_index/resource_index/packages
[0.544s] copying resource/mypkg -> /home/tanaka/robosys2022/ros2_ws/install/mypkg/share/ament_index/resource_index/packages
[0.545s] copying package.xml -> /home/tanaka/robosys2022/ros2_ws/install/mypkg/share/mypkg
[0.545s] running install_egg_info
[0.546s] Copying ../../build/mypkg/mypkg.egg-info to /home/tanaka/robosys2022/ros2_ws/install/mypkg/lib/python3.6/site-packages/mypkg-0.0.0-py3.6.egg-info
[0.546s] running install_scripts
[0.557s] writing list of installed files to '/home/tanaka/robosys2022/ros2_ws/build/mypkg/install.log'
[0.569s] Invoked command in '/home/tanaka/robosys2022/ros2_ws/src/mypkg' returned '0': PYTHONPATH=/home/tanaka/robosys2022/ros2_ws/install/mypkg/lib/python3.6/site-packages:${PYTHONPATH} /usr/bin/python3 setup.py egg_info --egg-base ../../build/mypkg build --build-base /home/tanaka/robosys2022/ros2_ws/build/mypkg/build install --prefix /home/tanaka/robosys2022/ros2_ws/install/mypkg --record /home/tanaka/robosys2022/ros2_ws/build/mypkg/install.log --single-version-externally-managed
